[debug] [2023-03-27T15:43:25.988Z] ----------------------------------------------------------------------
[debug] [2023-03-27T15:43:25.990Z] Command:       /usr/local/bin/firebase /Users/dumitrucucu/.cache/firebase/tools/lib/node_modules/firebase-tools/lib/bin/firebase emulators:start --only functions
[debug] [2023-03-27T15:43:25.990Z] CLI Version:   11.24.1
[debug] [2023-03-27T15:43:25.990Z] Platform:      darwin
[debug] [2023-03-27T15:43:25.990Z] Node Version:  v16.16.0
[debug] [2023-03-27T15:43:25.991Z] Time:          Mon Mar 27 2023 18:43:25 GMT+0300 (Eastern European Summer Time)
[debug] [2023-03-27T15:43:25.991Z] ----------------------------------------------------------------------
[debug] 
[debug] [2023-03-27T15:43:26.076Z] Field ".emulators.pubsub.port" in "firebase.json" is possibly invalid: should be number
[debug] [2023-03-27T15:43:26.082Z] > command requires scopes: ["email","openid","https://www.googleapis.com/auth/cloudplatformprojects.readonly","https://www.googleapis.com/auth/firebase","https://www.googleapis.com/auth/cloud-platform"]
[debug] [2023-03-27T15:43:26.082Z] > authorizing via signed-in user (dumitruiurie@gmail.com)
[info] i  emulators: Starting emulators: functions {"metadata":{"emulator":{"name":"hub"},"message":"Starting emulators: functions"}}
[debug] [2023-03-27T15:43:26.427Z] [logging] Logging Emulator only supports listening on one address (127.0.0.1). Not listening on ::1
[debug] [2023-03-27T15:43:26.428Z] assigned listening specs for emulators {"user":{"hub":[{"address":"127.0.0.1","family":"IPv4","port":4400},{"address":"::1","family":"IPv6","port":4400}],"ui":[{"address":"127.0.0.1","family":"IPv4","port":4000},{"address":"::1","family":"IPv6","port":4000}],"logging":[{"address":"127.0.0.1","family":"IPv4","port":4500}]},"metadata":{"message":"assigned listening specs for emulators"}}
[debug] [2023-03-27T15:43:26.438Z] [hub] writing locator at /var/folders/d7/z98pwwxx3gl4dgdb02dgm5j00000gn/T/hub-articlegenius-ai.json
[debug] [2023-03-27T15:43:26.699Z] [functions] Functions Emulator only supports listening on one address (127.0.0.1). Not listening on ::1
[debug] [2023-03-27T15:43:26.701Z] [eventarc] Eventarc Emulator only supports listening on one address (127.0.0.1). Not listening on ::1
[debug] [2023-03-27T15:43:26.701Z] late-assigned ports for functions and eventarc emulators {"user":{"hub":[{"address":"127.0.0.1","family":"IPv4","port":4400},{"address":"::1","family":"IPv6","port":4400}],"ui":[{"address":"127.0.0.1","family":"IPv4","port":4000},{"address":"::1","family":"IPv6","port":4000}],"logging":[{"address":"127.0.0.1","family":"IPv4","port":4500}],"functions":[{"address":"127.0.0.1","family":"IPv4","port":5001}],"eventarc":[{"address":"127.0.0.1","family":"IPv4","port":9299}]},"metadata":{"message":"late-assigned ports for functions and eventarc emulators"}}
[warn] ⚠  functions: The following emulators are not running, calls to these services from the Functions emulator will affect production: auth, firestore, database, hosting, pubsub, storage {"metadata":{"emulator":{"name":"functions"},"message":"The following emulators are not running, calls to these services from the Functions emulator will affect production: \u001b[1mauth, firestore, database, hosting, pubsub, storage\u001b[22m"}}
[debug] [2023-03-27T15:43:26.710Z] defaultcredentials: writing to file /Users/dumitrucucu/.config/firebase/dumitruiurie_gmail_com_application_default_credentials.json
[debug] [2023-03-27T15:43:26.715Z] Setting GAC to /Users/dumitrucucu/.config/firebase/dumitruiurie_gmail_com_application_default_credentials.json {"metadata":{"emulator":{"name":"functions"},"message":"Setting GAC to /Users/dumitrucucu/.config/firebase/dumitruiurie_gmail_com_application_default_credentials.json"}}
[debug] [2023-03-27T15:43:26.716Z] >>> [apiv2][query] GET https://firebase.googleapis.com/v1beta1/projects/articlegenius-ai/adminSdkConfig [none]
[debug] [2023-03-27T15:43:27.159Z] <<< [apiv2][status] GET https://firebase.googleapis.com/v1beta1/projects/articlegenius-ai/adminSdkConfig 200
[debug] [2023-03-27T15:43:27.159Z] <<< [apiv2][body] GET https://firebase.googleapis.com/v1beta1/projects/articlegenius-ai/adminSdkConfig {"projectId":"articlegenius-ai","storageBucket":"articlegenius-ai.appspot.com"}
[debug] [2023-03-27T15:43:27.207Z] Ignoring unsupported arg: auto_download {"metadata":{"emulator":{"name":"ui"},"message":"Ignoring unsupported arg: auto_download"}}
[debug] [2023-03-27T15:43:27.207Z] Ignoring unsupported arg: port {"metadata":{"emulator":{"name":"ui"},"message":"Ignoring unsupported arg: port"}}
[debug] [2023-03-27T15:43:27.207Z] Starting Emulator UI with command {"binary":"node","args":["/Users/dumitrucucu/.cache/firebase/emulators/ui-v1.11.4/server/server.js"],"optionalArgs":[],"joinArgs":false} {"metadata":{"emulator":{"name":"ui"},"message":"Starting Emulator UI with command {\"binary\":\"node\",\"args\":[\"/Users/dumitrucucu/.cache/firebase/emulators/ui-v1.11.4/server/server.js\"],\"optionalArgs\":[],\"joinArgs\":false}"}}
[info] i  ui: Emulator UI logging to ui-debug.log {"metadata":{"emulator":{"name":"ui"},"message":"Emulator UI logging to \u001b[1mui-debug.log\u001b[22m"}}
[debug] [2023-03-27T15:43:27.350Z] Web / API server started at 127.0.0.1:4000
 {"metadata":{"emulator":{"name":"ui"},"message":"Web / API server started at 127.0.0.1:4000\n"}}
[debug] [2023-03-27T15:43:27.351Z] Web / API server started at ::1:4000
 {"metadata":{"emulator":{"name":"ui"},"message":"Web / API server started at ::1:4000\n"}}
[info] i  functions: Watching "/Users/dumitrucucu/Desktop/article-genius-ai/functions" for Cloud Functions... {"metadata":{"emulator":{"name":"functions"},"message":"Watching \"/Users/dumitrucucu/Desktop/article-genius-ai/functions\" for Cloud Functions..."}}
[debug] [2023-03-27T15:43:27.486Z] Validating nodejs source
[debug] [2023-03-27T15:43:28.333Z] > [functions] package.json contents: {
  "name": "functions",
  "scripts": {
    "build": "tsc",
    "build:watch": "tsc --watch",
    "serve": "npm run build && firebase emulators:start --only functions",
    "shell": "npm run build && firebase functions:shell",
    "start": "npm run shell",
    "deploy": "firebase deploy --only functions",
    "logs": "firebase functions:log",
    "test": "jest"
  },
  "engines": {
    "node": "16"
  },
  "main": "lib/index.js",
  "dependencies": {
    "@sparticuz/chromium": "^109.0.6",
    "chrome-aws-lambda": "^10.1.0",
    "express": "4.18.2",
    "firebase-admin": "^11.5.0",
    "firebase-functions": "^4.2.0",
    "puppeteer": "^19.8.0",
    "ts-node": "^10.9.1"
  },
  "devDependencies": {
    "@types/jest": "^29.5.0",
    "@types/puppeteer": "^7.0.4",
    "firebase-functions-test": "^3.0.0",
    "jest": "^29.5.0",
    "ts-jest": "^29.0.5",
    "typescript": "^4.9.5"
  },
  "private": true
}
[debug] [2023-03-27T15:43:28.333Z] Building nodejs source
[debug] [2023-03-27T15:43:28.333Z] Failed to find version of module node: reached end of search path /Users/dumitrucucu/Desktop/article-genius-ai/functions/node_modules
[info] ✔  functions: Using node@16 from host. 
[debug] [2023-03-27T15:43:28.336Z] Could not find functions.yaml. Must use http discovery
[debug] [2023-03-27T15:43:28.346Z] Found firebase-functions binary at '/Users/dumitrucucu/Desktop/article-genius-ai/functions/node_modules/.bin/firebase-functions'
[debug] [2023-03-27T15:43:28.743Z] Serving at port 8241

[debug] [2023-03-27T15:43:28.934Z] Got response from /__/functions.yaml {"endpoints":{"scrape":{"platform":"gcfv1","availableMemoryMb":2048,"timeoutSeconds":120,"minInstances":null,"maxInstances":null,"ingressSettings":null,"serviceAccountEmail":null,"vpc":null,"region":["us-central1"],"httpsTrigger":{},"entryPoint":"scrape"}},"specVersion":"v1alpha1","requiredAPIs":[]}
[debug] [2023-03-27T15:43:28.943Z] shutdown requested via /__/quitquitquit

[info] ✔  functions: Loaded functions definitions from source: scrape. {"metadata":{"emulator":{"name":"functions"},"message":"Loaded functions definitions from source: scrape."}}
[info] ✔  functions[us-central1-scrape]: http function initialized (http://127.0.0.1:5001/articlegenius-ai/us-central1/scrape). {"metadata":{"emulator":{"name":"functions"},"message":"\u001b[1mhttp\u001b[22m function initialized (http://127.0.0.1:5001/articlegenius-ai/us-central1/scrape)."}}
[info] 
┌─────────────────────────────────────────────────────────────┐
│ ✔  All emulators ready! It is now safe to connect your app. │
│ i  View Emulator UI at http://127.0.0.1:4000/               │
└─────────────────────────────────────────────────────────────┘

┌───────────┬────────────────┬─────────────────────────────────┐
│ Emulator  │ Host:Port      │ View in Emulator UI             │
├───────────┼────────────────┼─────────────────────────────────┤
│ Functions │ 127.0.0.1:5001 │ http://127.0.0.1:4000/functions │
└───────────┴────────────────┴─────────────────────────────────┘
  Emulator Hub running at 127.0.0.1:4400
  Other reserved ports: 4500

Issues? Report them at https://github.com/firebase/firebase-tools/issues and attach the *-debug.log files.
 
[debug] [2023-03-27T15:43:35.999Z] [work-queue] {"queuedWork":["/articlegenius-ai/us-central1/scrape-2023-03-27T15:43:35.999Z"],"queueLength":1,"runningWork":[],"workRunningCount":0}
[debug] [2023-03-27T15:43:36.008Z] [work-queue] {"queuedWork":[],"queueLength":0,"runningWork":["/articlegenius-ai/us-central1/scrape-2023-03-27T15:43:35.999Z"],"workRunningCount":1}
[debug] [2023-03-27T15:43:36.010Z] Accepted request GET /articlegenius-ai/us-central1/scrape --> us-central1-scrape
[debug] [2023-03-27T15:43:36.033Z] [functions] Runtime ready! Sending request! {"metadata":{"emulator":{"name":"functions"},"message":"[functions] Runtime ready! Sending request!"}}
[debug] [2023-03-27T15:43:36.034Z] [functions] Got req.url=/articlegenius-ai/us-central1/scrape, mapping to path=/ {"metadata":{"emulator":{"name":"functions"},"message":"[functions] Got req.url=/articlegenius-ai/us-central1/scrape, mapping to path=/"}}
[debug] [2023-03-27T15:43:36.060Z] [worker-pool] addWorker(us-central1-scrape) {"metadata":{"emulator":{"name":"functions"},"message":"[worker-pool] addWorker(us-central1-scrape)"}}
[debug] [2023-03-27T15:43:36.061Z] [worker-pool] Adding worker with key us-central1-scrape, total=1 {"metadata":{"emulator":{"name":"functions"},"message":"[worker-pool] Adding worker with key us-central1-scrape, total=1"}}
[debug] [2023-03-27T15:43:36.691Z] [runtime-status] [8382] Resolved module firebase-admin {"declared":true,"installed":true,"version":"11.5.0","resolution":"/Users/dumitrucucu/Desktop/article-genius-ai/functions/node_modules/firebase-admin/lib/index.js"} {"metadata":{"emulator":{"name":"functions"},"function":{"name":"us-central1-scrape"},"extension":{},"message":"[runtime-status] [8382] Resolved module firebase-admin {\"declared\":true,\"installed\":true,\"version\":\"11.5.0\",\"resolution\":\"/Users/dumitrucucu/Desktop/article-genius-ai/functions/node_modules/firebase-admin/lib/index.js\"}"}}
[debug] [2023-03-27T15:43:36.691Z] [runtime-status] [8382] Resolved module firebase-functions {"declared":true,"installed":true,"version":"4.2.1","resolution":"/Users/dumitrucucu/Desktop/article-genius-ai/functions/node_modules/firebase-functions/lib/v1/index.js"} {"metadata":{"emulator":{"name":"functions"},"function":{"name":"us-central1-scrape"},"extension":{},"message":"[runtime-status] [8382] Resolved module firebase-functions {\"declared\":true,\"installed\":true,\"version\":\"4.2.1\",\"resolution\":\"/Users/dumitrucucu/Desktop/article-genius-ai/functions/node_modules/firebase-functions/lib/v1/index.js\"}"}}
[debug] [2023-03-27T15:43:36.692Z] [runtime-status] [8382] Outgoing network have been stubbed. [{"name":"http","status":"mocked"},{"name":"http","status":"mocked"},{"name":"https","status":"mocked"},{"name":"https","status":"mocked"},{"name":"net","status":"mocked"}] {"metadata":{"emulator":{"name":"functions"},"function":{"name":"us-central1-scrape"},"extension":{},"message":"[runtime-status] [8382] Outgoing network have been stubbed. [{\"name\":\"http\",\"status\":\"mocked\"},{\"name\":\"http\",\"status\":\"mocked\"},{\"name\":\"https\",\"status\":\"mocked\"},{\"name\":\"https\",\"status\":\"mocked\"},{\"name\":\"net\",\"status\":\"mocked\"}]"}}
[debug] [2023-03-27T15:43:36.692Z] [runtime-status] [8382] Resolved module firebase-functions {"declared":true,"installed":true,"version":"4.2.1","resolution":"/Users/dumitrucucu/Desktop/article-genius-ai/functions/node_modules/firebase-functions/lib/v1/index.js"} {"metadata":{"emulator":{"name":"functions"},"function":{"name":"us-central1-scrape"},"extension":{},"message":"[runtime-status] [8382] Resolved module firebase-functions {\"declared\":true,\"installed\":true,\"version\":\"4.2.1\",\"resolution\":\"/Users/dumitrucucu/Desktop/article-genius-ai/functions/node_modules/firebase-functions/lib/v1/index.js\"}"}}
[debug] [2023-03-27T15:43:36.783Z] [runtime-status] [8382] Checked functions.config() {"config":{}} {"metadata":{"emulator":{"name":"functions"},"function":{"name":"us-central1-scrape"},"extension":{},"message":"[runtime-status] [8382] Checked functions.config() {\"config\":{}}"}}
[debug] [2023-03-27T15:43:36.784Z] [runtime-status] [8382] firebase-functions has been stubbed. {"functionsResolution":{"declared":true,"installed":true,"version":"4.2.1","resolution":"/Users/dumitrucucu/Desktop/article-genius-ai/functions/node_modules/firebase-functions/lib/v1/index.js"}} {"metadata":{"emulator":{"name":"functions"},"function":{"name":"us-central1-scrape"},"extension":{},"message":"[runtime-status] [8382] firebase-functions has been stubbed. {\"functionsResolution\":{\"declared\":true,\"installed\":true,\"version\":\"4.2.1\",\"resolution\":\"/Users/dumitrucucu/Desktop/article-genius-ai/functions/node_modules/firebase-functions/lib/v1/index.js\"}}"}}
[debug] [2023-03-27T15:43:36.784Z] [runtime-status] [8382] Resolved module firebase-functions {"declared":true,"installed":true,"version":"4.2.1","resolution":"/Users/dumitrucucu/Desktop/article-genius-ai/functions/node_modules/firebase-functions/lib/v1/index.js"} {"metadata":{"emulator":{"name":"functions"},"function":{"name":"us-central1-scrape"},"extension":{},"message":"[runtime-status] [8382] Resolved module firebase-functions {\"declared\":true,\"installed\":true,\"version\":\"4.2.1\",\"resolution\":\"/Users/dumitrucucu/Desktop/article-genius-ai/functions/node_modules/firebase-functions/lib/v1/index.js\"}"}}
[debug] [2023-03-27T15:43:36.784Z] [runtime-status] [8382] Resolved module firebase-admin {"declared":true,"installed":true,"version":"11.5.0","resolution":"/Users/dumitrucucu/Desktop/article-genius-ai/functions/node_modules/firebase-admin/lib/index.js"} {"metadata":{"emulator":{"name":"functions"},"function":{"name":"us-central1-scrape"},"extension":{},"message":"[runtime-status] [8382] Resolved module firebase-admin {\"declared\":true,\"installed\":true,\"version\":\"11.5.0\",\"resolution\":\"/Users/dumitrucucu/Desktop/article-genius-ai/functions/node_modules/firebase-admin/lib/index.js\"}"}}
[debug] [2023-03-27T15:43:36.785Z] [runtime-status] [8382] Resolved module firebase-functions {"declared":true,"installed":true,"version":"4.2.1","resolution":"/Users/dumitrucucu/Desktop/article-genius-ai/functions/node_modules/firebase-functions/lib/v1/index.js"} {"metadata":{"emulator":{"name":"functions"},"function":{"name":"us-central1-scrape"},"extension":{},"message":"[runtime-status] [8382] Resolved module firebase-functions {\"declared\":true,\"installed\":true,\"version\":\"4.2.1\",\"resolution\":\"/Users/dumitrucucu/Desktop/article-genius-ai/functions/node_modules/firebase-functions/lib/v1/index.js\"}"}}
[debug] [2023-03-27T15:43:36.786Z] [runtime-status] [8382] firebase-admin has been stubbed. {"adminResolution":{"declared":true,"installed":true,"version":"11.5.0","resolution":"/Users/dumitrucucu/Desktop/article-genius-ai/functions/node_modules/firebase-admin/lib/index.js"}} {"metadata":{"emulator":{"name":"functions"},"function":{"name":"us-central1-scrape"},"extension":{},"message":"[runtime-status] [8382] firebase-admin has been stubbed. {\"adminResolution\":{\"declared\":true,\"installed\":true,\"version\":\"11.5.0\",\"resolution\":\"/Users/dumitrucucu/Desktop/article-genius-ai/functions/node_modules/firebase-admin/lib/index.js\"}}"}}
[debug] [2023-03-27T15:43:36.851Z] [runtime-status] [8382] Functions runtime initialized. {"cwd":"/Users/dumitrucucu/Desktop/article-genius-ai/functions","node_version":"16.16.0"} {"metadata":{"emulator":{"name":"functions"},"function":{"name":"us-central1-scrape"},"extension":{},"message":"[runtime-status] [8382] Functions runtime initialized. {\"cwd\":\"/Users/dumitrucucu/Desktop/article-genius-ai/functions\",\"node_version\":\"16.16.0\"}"}}
[debug] [2023-03-27T15:43:36.851Z] [runtime-status] [8382] Listening to port: /var/folders/d7/z98pwwxx3gl4dgdb02dgm5j00000gn/T/fire_emu_2db13364e4b16110.sock {"metadata":{"emulator":{"name":"functions"},"function":{"name":"us-central1-scrape"},"extension":{},"message":"[runtime-status] [8382] Listening to port: /var/folders/d7/z98pwwxx3gl4dgdb02dgm5j00000gn/T/fire_emu_2db13364e4b16110.sock"}}
[debug] [2023-03-27T15:43:36.882Z] [worker-us-central1-scrape-baf48d5c-1c9c-4b74-a9b0-1e9bb1064897]: IDLE {"metadata":{"emulator":{"name":"functions"},"function":{"name":"us-central1-scrape"},"extension":{},"message":"[worker-us-central1-scrape-baf48d5c-1c9c-4b74-a9b0-1e9bb1064897]: IDLE"}}
[debug] [2023-03-27T15:43:36.884Z] [worker-pool] submitRequest(triggerId=us-central1-scrape) {"metadata":{"emulator":{"name":"functions"},"message":"[worker-pool] submitRequest(triggerId=us-central1-scrape)"}}
[info] i  functions: Beginning execution of "us-central1-scrape" {"metadata":{"emulator":{"name":"functions"},"function":{"name":"us-central1-scrape"},"extension":{},"message":"Beginning execution of \"us-central1-scrape\""}}
[debug] [2023-03-27T15:43:36.886Z] [worker-us-central1-scrape-baf48d5c-1c9c-4b74-a9b0-1e9bb1064897]: BUSY {"metadata":{"emulator":{"name":"functions"},"function":{"name":"us-central1-scrape"},"extension":{},"message":"[worker-us-central1-scrape-baf48d5c-1c9c-4b74-a9b0-1e9bb1064897]: BUSY"}}
[info] i  functions: Finished "us-central1-scrape" in 2389.369666ms {"metadata":{"emulator":{"name":"functions"},"function":{"name":"us-central1-scrape"},"extension":{},"message":"Finished \"us-central1-scrape\" in 2389.369666ms"}}
[debug] [2023-03-27T15:43:39.277Z] [worker-us-central1-scrape-baf48d5c-1c9c-4b74-a9b0-1e9bb1064897]: IDLE {"metadata":{"emulator":{"name":"functions"},"function":{"name":"us-central1-scrape"},"extension":{},"message":"[worker-us-central1-scrape-baf48d5c-1c9c-4b74-a9b0-1e9bb1064897]: IDLE"}}
[debug] [2023-03-27T15:43:39.277Z] [work-queue] {"queuedWork":[],"queueLength":0,"runningWork":[],"workRunningCount":0}
[debug] [2023-03-27T15:44:12.436Z] File /Users/dumitrucucu/Desktop/article-genius-ai/functions/src/core/scrapers/gamespot/scrape-gamespot.ts changed, reloading triggers {"metadata":{"emulator":{"name":"functions"},"message":"File /Users/dumitrucucu/Desktop/article-genius-ai/functions/src/core/scrapers/gamespot/scrape-gamespot.ts changed, reloading triggers"}}
[debug] [2023-03-27T15:44:13.443Z] Validating nodejs source
[debug] [2023-03-27T15:44:14.337Z] > [functions] package.json contents: {
  "name": "functions",
  "scripts": {
    "build": "tsc",
    "build:watch": "tsc --watch",
    "serve": "npm run build && firebase emulators:start --only functions",
    "shell": "npm run build && firebase functions:shell",
    "start": "npm run shell",
    "deploy": "firebase deploy --only functions",
    "logs": "firebase functions:log",
    "test": "jest"
  },
  "engines": {
    "node": "16"
  },
  "main": "lib/index.js",
  "dependencies": {
    "@sparticuz/chromium": "^109.0.6",
    "chrome-aws-lambda": "^10.1.0",
    "express": "4.18.2",
    "firebase-admin": "^11.5.0",
    "firebase-functions": "^4.2.0",
    "puppeteer": "^19.8.0",
    "ts-node": "^10.9.1"
  },
  "devDependencies": {
    "@types/jest": "^29.5.0",
    "@types/puppeteer": "^7.0.4",
    "firebase-functions-test": "^3.0.0",
    "jest": "^29.5.0",
    "ts-jest": "^29.0.5",
    "typescript": "^4.9.5"
  },
  "private": true
}
[debug] [2023-03-27T15:44:14.337Z] Building nodejs source
[debug] [2023-03-27T15:44:14.338Z] Failed to find version of module node: reached end of search path /Users/dumitrucucu/Desktop/article-genius-ai/functions/node_modules
[info] ✔  functions: Using node@16 from host. 
[debug] [2023-03-27T15:44:14.340Z] Could not find functions.yaml. Must use http discovery
[debug] [2023-03-27T15:44:14.344Z] Found firebase-functions binary at '/Users/dumitrucucu/Desktop/article-genius-ai/functions/node_modules/.bin/firebase-functions'
[debug] [2023-03-27T15:44:14.739Z] Serving at port 8285

[debug] [2023-03-27T15:44:14.934Z] Got response from /__/functions.yaml {"endpoints":{"scrape":{"platform":"gcfv1","availableMemoryMb":2048,"timeoutSeconds":120,"minInstances":null,"maxInstances":null,"ingressSettings":null,"serviceAccountEmail":null,"vpc":null,"region":["us-central1"],"httpsTrigger":{},"entryPoint":"scrape"}},"specVersion":"v1alpha1","requiredAPIs":[]}
[debug] [2023-03-27T15:44:14.943Z] shutdown requested via /__/quitquitquit

[info] ✔  functions: Loaded functions definitions from source: scrape. {"metadata":{"emulator":{"name":"functions"},"message":"Loaded functions definitions from source: scrape."}}
[debug] [2023-03-27T15:44:14.956Z] [worker-pool] Shutting down IDLE worker (us-central1-scrape) {"metadata":{"emulator":{"name":"functions"},"message":"[worker-pool] Shutting down IDLE worker (us-central1-scrape)"}}
[debug] [2023-03-27T15:44:14.956Z] [worker-us-central1-scrape-baf48d5c-1c9c-4b74-a9b0-1e9bb1064897]: FINISHING {"metadata":{"emulator":{"name":"functions"},"function":{"name":"us-central1-scrape"},"extension":{},"message":"[worker-us-central1-scrape-baf48d5c-1c9c-4b74-a9b0-1e9bb1064897]: FINISHING"}}
[debug] [2023-03-27T15:44:14.962Z] [worker-us-central1-scrape-baf48d5c-1c9c-4b74-a9b0-1e9bb1064897]: exited {"metadata":{"emulator":{"name":"functions"},"function":{"name":"us-central1-scrape"},"extension":{},"message":"[worker-us-central1-scrape-baf48d5c-1c9c-4b74-a9b0-1e9bb1064897]: exited"}}
[debug] [2023-03-27T15:44:14.962Z] [worker-us-central1-scrape-baf48d5c-1c9c-4b74-a9b0-1e9bb1064897]: FINISHED {"metadata":{"emulator":{"name":"functions"},"function":{"name":"us-central1-scrape"},"extension":{},"message":"[worker-us-central1-scrape-baf48d5c-1c9c-4b74-a9b0-1e9bb1064897]: FINISHED"}}
